0 info it worked if it ends with ok
1 verbose cli [ 'node', '/usr/local/bin/npm', 'publish' ]
2 info using npm@1.4.10
3 info using node@v0.10.28
4 verbose node symlink /usr/local/bin/node
5 verbose publish [ '.' ]
6 verbose cache add [ '.', null ]
7 verbose cache add name=undefined spec="." args=[".",null]
8 verbose parsed url { protocol: null,
8 verbose parsed url   slashes: null,
8 verbose parsed url   auth: null,
8 verbose parsed url   host: null,
8 verbose parsed url   port: null,
8 verbose parsed url   hostname: null,
8 verbose parsed url   hash: null,
8 verbose parsed url   search: null,
8 verbose parsed url   query: null,
8 verbose parsed url   pathname: '.',
8 verbose parsed url   path: '.',
8 verbose parsed url   href: '.' }
9 silly lockFile 3a52ce78- .
10 verbose lock . /Users/jacobplaster/.npm/3a52ce78-.lock
11 verbose tar pack [ '/var/folders/yf/12xp1l352yqfpz15w_vg7nq80000gn/T/npm-40526-Olo1WcWZ/1406385946207-0.07525143516249955/tmp.tgz',
11 verbose tar pack   '.' ]
12 verbose tarball /var/folders/yf/12xp1l352yqfpz15w_vg7nq80000gn/T/npm-40526-Olo1WcWZ/1406385946207-0.07525143516249955/tmp.tgz
13 verbose folder .
14 info prepublish hadron-theme-wocka@0.1.0
15 silly lockFile 1f1177db-tar tar://.
16 verbose lock tar://. /Users/jacobplaster/.npm/1f1177db-tar.lock
17 silly lockFile 460d3c2e-6207-0-07525143516249955-tmp-tgz tar:///var/folders/yf/12xp1l352yqfpz15w_vg7nq80000gn/T/npm-40526-Olo1WcWZ/1406385946207-0.07525143516249955/tmp.tgz
18 verbose lock tar:///var/folders/yf/12xp1l352yqfpz15w_vg7nq80000gn/T/npm-40526-Olo1WcWZ/1406385946207-0.07525143516249955/tmp.tgz /Users/jacobplaster/.npm/460d3c2e-6207-0-07525143516249955-tmp-tgz.lock
19 silly lockFile 1f1177db-tar tar://.
20 silly lockFile 1f1177db-tar tar://.
21 silly lockFile 460d3c2e-6207-0-07525143516249955-tmp-tgz tar:///var/folders/yf/12xp1l352yqfpz15w_vg7nq80000gn/T/npm-40526-Olo1WcWZ/1406385946207-0.07525143516249955/tmp.tgz
22 silly lockFile 460d3c2e-6207-0-07525143516249955-tmp-tgz tar:///var/folders/yf/12xp1l352yqfpz15w_vg7nq80000gn/T/npm-40526-Olo1WcWZ/1406385946207-0.07525143516249955/tmp.tgz
23 verbose tar unpack /var/folders/yf/12xp1l352yqfpz15w_vg7nq80000gn/T/npm-40526-Olo1WcWZ/1406385946207-0.07525143516249955/tmp.tgz
24 silly lockFile 86a44fd8-hadron-theme-wocka-0-1-0-package tar:///Users/jacobplaster/.npm/hadron-theme-wocka/0.1.0/package
25 verbose lock tar:///Users/jacobplaster/.npm/hadron-theme-wocka/0.1.0/package /Users/jacobplaster/.npm/86a44fd8-hadron-theme-wocka-0-1-0-package.lock
26 silly lockFile 460d3c2e-6207-0-07525143516249955-tmp-tgz tar:///var/folders/yf/12xp1l352yqfpz15w_vg7nq80000gn/T/npm-40526-Olo1WcWZ/1406385946207-0.07525143516249955/tmp.tgz
27 verbose lock tar:///var/folders/yf/12xp1l352yqfpz15w_vg7nq80000gn/T/npm-40526-Olo1WcWZ/1406385946207-0.07525143516249955/tmp.tgz /Users/jacobplaster/.npm/460d3c2e-6207-0-07525143516249955-tmp-tgz.lock
28 silly gunzTarPerm modes [ '755', '644' ]
29 silly gunzTarPerm extractEntry package.json
30 silly gunzTarPerm extractEntry README.md
31 silly gunzTarPerm extractEntry LICENSE
32 silly gunzTarPerm extractEntry assets/img/brand_circle.png
33 silly gunzTarPerm extractEntry assets/img/favicon.ico
34 silly gunzTarPerm extractEntry assets/styles/main.less
35 silly gunzTarPerm extractEntry particle.json
36 silly gunzTarPerm extractEntry resources/hadron-theme-wocka.js
37 silly gunzTarPerm extractEntry views/_layout.jade
38 silly gunzTarPerm extractEntry views/admin/index.jade
39 silly gunzTarPerm extractEntry views/clientTemplates/admin/listPosts.jade
40 silly gunzTarPerm extractEntry views/clientTemplates/admin/GASettings.jade
41 silly gunzTarPerm extractEntry views/clientTemplates/admin/disqusSettings.jade
42 silly gunzTarPerm extractEntry views/clientTemplates/admin/home.jade
43 silly gunzTarPerm extractEntry views/clientTemplates/admin/listPages.jade
44 silly gunzTarPerm extractEntry views/clientTemplates/admin/adminSettings.jade
45 silly gunzTarPerm extractEntry views/clientTemplates/admin/menuSettings.jade
46 silly gunzTarPerm extractEntry views/clientTemplates/admin/savePage.jade
47 silly gunzTarPerm extractEntry views/clientTemplates/admin/savePost.jade
48 silly gunzTarPerm extractEntry views/clientTemplates/admin/socialSettings.jade
49 silly gunzTarPerm extractEntry views/clientTemplates/admin/websiteSettings.jade
50 silly gunzTarPerm extractEntry views/index.jade
51 silly gunzTarPerm extractEntry views/mixins/menuItem.jade
52 silly gunzTarPerm extractEntry views/pages/view.jade
53 silly gunzTarPerm extractEntry views/partials/mainMenu.jade
54 silly gunzTarPerm extractEntry views/posts/view.jade
55 silly lockFile 86a44fd8-hadron-theme-wocka-0-1-0-package tar:///Users/jacobplaster/.npm/hadron-theme-wocka/0.1.0/package
56 silly lockFile 86a44fd8-hadron-theme-wocka-0-1-0-package tar:///Users/jacobplaster/.npm/hadron-theme-wocka/0.1.0/package
57 silly lockFile 460d3c2e-6207-0-07525143516249955-tmp-tgz tar:///var/folders/yf/12xp1l352yqfpz15w_vg7nq80000gn/T/npm-40526-Olo1WcWZ/1406385946207-0.07525143516249955/tmp.tgz
58 silly lockFile 460d3c2e-6207-0-07525143516249955-tmp-tgz tar:///var/folders/yf/12xp1l352yqfpz15w_vg7nq80000gn/T/npm-40526-Olo1WcWZ/1406385946207-0.07525143516249955/tmp.tgz
59 silly lockFile 3a52ce78- .
60 silly lockFile 3a52ce78- .
61 silly publish { name: 'hadron-theme-wocka',
61 silly publish   description: 'Responsive theme for the hadron blog platform',
61 silly publish   version: '0.1.0',
61 silly publish   homepage: 'https://github.com/JacobPlaster/hadron-theme-wocka',
61 silly publish   author: { name: 'Jacob Plaster' },
61 silly publish   repository:
61 silly publish    { type: 'git',
61 silly publish      url: 'git://github.com/JacobPlaster/hadron-theme-wocka.git' },
61 silly publish   bugs: { url: 'https://github.com/JacobPlaster/hadron-theme-wocka/issues' },
61 silly publish   licenses:
61 silly publish    [ { type: 'MIT',
61 silly publish        url: 'https://github.com/JacobPlaster/hadron-theme-wocka/blob/master/LICENSE' } ],
61 silly publish   keywords: [ 'hadron', 'theme', 'blog', 'wocka', 'responsive' ],
61 silly publish   peerDependencies: { hadron: '~0.3.0', 'particles-font-awesome': '~0.3.0' },
61 silly publish   readme: '[Hadron](https://github.com/hadronjs/hadron)-theme-wocka\n==================\n\n### Quick Install\nCreate app, \'hadorn-wocka\' is an example:\n```bash\n$ mkdir hadron-wocka && cd hadron-wocka\n$ git init\n```\nGrab hadron:\n```bash\n$ git remote add hadron-seed -m master https://github.com/hadronjs/hadron-seed.git\n$ git pull -s recursive -X theirs hadron-seed master\n```\nInstall theme-wocka\n```bash\n$ npm install hadron-theme-wocka\n```\nGrab dependancies and build:\n```bash\n$ gulp install\n$ gulp build\n```\nCommit & run:\n```bash\n$ git add -A\n$ git commit -m "My first hadron-wocka blog"\n$ node app.js\n```\nNavigate to localhost:3000 to witness the beauty.\nCheck out [hadron](https://github.com/hadronjs/hadron-openshift-seed) for instructions on how to release hadron in production.\n<br/>\nThe home screen. The posts are stored in a fluid display model, this is also very responsive.\n![Theme-wocka home](http://farm4.staticflickr.com/3919/14540561639_3993620148_b.jpg)\n<br/>\n#### Home screen mobile view:\n![Theme-wocka home-mobile](http://farm4.staticflickr.com/3908/14724018191_dc6314be91_b.jpg)\n<br/>\n#### The post view:\n![Theme-wocka post-view](http://farm4.staticflickr.com/3896/14726901602_519b68c4c4_b.jpg)\n<br/>\n#### Admin page view:\n![Theme-wocka admin-page](http://farm3.staticflickr.com/2910/14726902502_b3747dfa97_b.jpg)\n<br/>\n<br/>\n##### If you want to see a functioning version, visit my [website](jacobplaster.net)\nLet me know if you have installed my theme on your website, I would love to see it!',
61 silly publish   readmeFilename: 'README.md',
61 silly publish   _id: 'hadron-theme-wocka@0.1.0',
61 silly publish   _shasum: 'a0ad26d7633170cf5d40aaa1d287ca87d9f323bc',
61 silly publish   _from: '.' }
62 verbose url raw hadron-theme-wocka
63 verbose url resolving [ 'https://registry.npmjs.org/', './hadron-theme-wocka' ]
64 verbose url resolved https://registry.npmjs.org/hadron-theme-wocka
65 info trying registry request attempt 1 at 15:45:46
66 http PUT https://registry.npmjs.org/hadron-theme-wocka
67 http 403 https://registry.npmjs.org/hadron-theme-wocka
68 verbose headers { date: 'Sat, 26 Jul 2014 14:45:46 GMT',
68 verbose headers   server: 'CouchDB/1.5.0 (Erlang OTP/R14B04)',
68 verbose headers   'content-type': 'application/json',
68 verbose headers   'cache-control': 'max-age=60',
68 verbose headers   'content-length': '4111',
68 verbose headers   'accept-ranges': 'bytes',
68 verbose headers   via: '1.1 varnish',
68 verbose headers   'x-served-by': 'cache-fra1221-FRA',
68 verbose headers   'x-cache': 'MISS',
68 verbose headers   'x-cache-hits': '0',
68 verbose headers   'x-timer': 'S1406385946.102180,VS0,VE828',
68 verbose headers   'keep-alive': 'timeout=10, max=50',
68 verbose headers   connection: 'Keep-Alive' }
69 error publish Failed PUT 403
70 error Error: forbidden cannot modify pre-existing version: 0.1.0
70 error old={"name":"hadron-theme-wocka","description":"Wocka theme for hadron","version":"0.1.0","homepage":"https://github.com/JacobPlaster/hadron-theme-wocka","author":{"name":"Jacob Plaster"},"repository":{"type":"git","url":"git://github.com/JacobPlaster/hadron-theme-wocka.git"},"bugs":{"url":"https://github.com/JacobPlaster/hadron-theme-wocka/issues"},"licenses":[{"type":"MIT","url":"https://github.com/JacobPlaster/hadron-theme-wocka/blob/master/LICENSE"}],"peerDependencies":{"hadron":"~0.3.0","particles-font-awesome":"~0.3.0"},"_id":"hadron-theme-wocka@0.1.0","_shasum":"f307e2e5e09e0bdbdfea31ae53c3181517d3308f","_from":".","_npmVersion":"1.4.10","_npmUser":{"name":"jacobplaster","email":"jacobplaster1995@gmail.com"},"maintainers":[{"name":"jacobplaster","email":"jacobplaster1995@gmail.com"}],"dist":{"shasum":"f307e2e5e09e0bdbdfea31ae53c3181517d3308f","tarball":"http://registry.npmjs.org/hadron-theme-wocka/-/hadron-theme-wocka-0.1.0.tgz"}}
70 error new={"name":"hadron-theme-wocka","description":"Responsive theme for the hadron blog platform","version":"0.1.0","homepage":"https://github.com/JacobPlaster/hadron-theme-wocka","author":{"name":"Jacob Plaster"},"repository":{"type":"git","url":"git://github.com/JacobPlaster/hadron-theme-wocka.git"},"bugs":{"url":"https://github.com/JacobPlaster/hadron-theme-wocka/issues"},"licenses":[{"type":"MIT","url":"https://github.com/JacobPlaster/hadron-theme-wocka/blob/master/LICENSE"}],"keywords":["hadron","theme","blog","wocka","responsive"],"peerDependencies":{"hadron":"~0.3.0","particles-font-awesome":"~0.3.0"},"readme":"[Hadron](https://github.com/hadronjs/hadron)-theme-wocka\u000a==================\u000a\u000a### Quick Install\u000aCreate app, 'hadorn-wocka' is an example:\u000a```bash\u000a$ mkdir hadron-wocka && cd hadron-wocka\u000a$ git init\u000a```\u000aGrab hadron:\u000a```bash\u000a$ git remote add hadron-seed -m master https://github.com/hadronjs/hadron-seed.git\u000a$ git pull -s recursive -X theirs hadron-seed master\u000a```\u000aInstall theme-wocka\u000a```bash\u000a$ npm install hadron-theme-wocka\u000a```\u000aGrab dependancies and build:\u000a```bash\u000a$ gulp install\u000a$ gulp build\u000a```\u000aCommit & run:\u000a```bash\u000a$ git add -A\u000a$ git commit -m \"My first hadron-wocka blog\"\u000a$ node app.js\u000a```\u000aNavigate to localhost:3000 to witness the beauty.\u000aCheck out [hadron](https://github.com/hadronjs/hadron-openshift-seed) for instructions on how to release hadron in production.\u000a<br/>\u000aThe home screen. The posts are stored in a fluid display model, this is also very responsive.\u000a![Theme-wocka home](http://farm4.staticflickr.com/3919/14540561639_3993620148_b.jpg)\u000a<br/>\u000a#### Home screen mobile view:\u000a![Theme-wocka home-mobile](http://farm4.staticflickr.com/3908/14724018191_dc6314be91_b.jpg)\u000a<br/>\u000a#### The post view:\u000a![Theme-wocka post-view](http://farm4.staticflickr.com/3896/14726901602_519b68c4c4_b.jpg)\u000a<br/>\u000a#### Admin page view:\u000a![Theme-wocka admin-page](http://farm3.staticflickr.com/2910/14726902502_b3747dfa97_b.jpg)\u000a<br/>\u000a<br/>\u000a##### If you want to see a functioning version, visit my [website](jacobplaster.net)\u000aLet me know if you have installed my theme on your website, I would love to see it!","readmeFilename":"README.md","_id":"hadron-theme-wocka@0.1.0","_shasum":"a0ad26d7633170cf5d40aaa1d287ca87d9f323bc","_from":".","_npmVersion":"1.4.10","_npmUser":{"name":"jacobplaster","email":"jacobplaster1995@gmail.com"},"maintainers":[{"name":"jacobplaster","email":"jacobplaster1995@gmail.com"}],"dist":{"shasum":"a0ad26d7633170cf5d40aaa1d287ca87d9f323bc","tarball":"http://registry.npmjs.org/hadron-theme-wocka/-/hadron-theme-wocka-0.1.0.tgz"}}: hadron-theme-wocka
70 error     at RegClient.<anonymous> (/usr/local/lib/node_modules/npm/node_modules/npm-registry-client/lib/request.js:273:14)
70 error     at Request._callback (/usr/local/lib/node_modules/npm/node_modules/npm-registry-client/lib/request.js:211:65)
70 error     at Request.self.callback (/usr/local/lib/node_modules/npm/node_modules/request/request.js:123:22)
70 error     at Request.EventEmitter.emit (events.js:98:17)
70 error     at Request.<anonymous> (/usr/local/lib/node_modules/npm/node_modules/request/request.js:893:14)
70 error     at Request.EventEmitter.emit (events.js:117:20)
70 error     at IncomingMessage.<anonymous> (/usr/local/lib/node_modules/npm/node_modules/request/request.js:844:12)
70 error     at IncomingMessage.EventEmitter.emit (events.js:117:20)
70 error     at _stream_readable.js:919:16
70 error     at process._tickCallback (node.js:419:13)
71 error If you need help, you may report this *entire* log,
71 error including the npm and node versions, at:
71 error     <http://github.com/npm/npm/issues>
72 error System Darwin 13.1.0
73 error command "node" "/usr/local/bin/npm" "publish"
74 error cwd /Users/jacobplaster/Documents/web-design/hadron-theme-wocka
75 error node -v v0.10.28
76 error npm -v 1.4.10
77 verbose exit [ 1, true ]
